2018-04-08 21:11:02,149 - Starting SellApplication on DESKTOP-UG3KD0Q with PID 17352 (D:\Code\Java\Spring\sell\target\classes started by 49872 in D:\Code\Java\Spring\sell)
2018-04-08 21:11:02,150 - No active profile set, falling back to default profiles: default
2018-04-08 21:11:02,257 - Refreshing org.springframework.boot.web.servlet.context.AnnotationConfigServletWebServerApplicationContext@6729e313: startup date [Sun Apr 08 21:11:02 CST 2018]; root of context hierarchy
2018-04-08 21:11:03,882 - Bean 'org.springframework.transaction.annotation.ProxyTransactionManagementConfiguration' of type [org.springframework.transaction.annotation.ProxyTransactionManagementConfiguration$$EnhancerBySpringCGLIB$$ba9fa49b] is not eligible for getting processed by all BeanPostProcessors (for example: not eligible for auto-proxying)
2018-04-08 21:11:04,441 - Tomcat initialized with port(s): 8080 (http)
2018-04-08 21:11:04,458 - Initializing ProtocolHandler ["http-nio-8080"]
2018-04-08 21:11:04,468 - Starting service [Tomcat]
2018-04-08 21:11:04,468 - Starting Servlet Engine: Apache Tomcat/8.5.29
2018-04-08 21:11:04,472 - The APR based Apache Tomcat Native library which allows optimal performance in production environments was not found on the java.library.path: [D:\Java\jdk1.8.0_161\bin;C:\WINDOWS\Sun\Java\bin;C:\WINDOWS\system32;C:\WINDOWS;D:\Python\Python36\Scripts\;D:\Python\Python36\;C:\ProgramData\Oracle\Java\javapath;C:\Windows\system32;C:\Windows;C:\Windows\System32\Wbem;C:\Windows\System32\WindowsPowerShell\v1.0\;D:\Java\jdk-9.0.4\bin;C:\Program Files (x86)\NVIDIA Corporation\PhysX\Common;D:\MySQL\mysql-5.7.21-winx64\bin;C:\WINDOWS\system32;C:\WINDOWS;C:\WINDOWS\System32\Wbem;C:\WINDOWS\System32\WindowsPowerShell\v1.0\;D:\PuTTY\;D:\Git\cmd;D:\Git\bin;D:\Python\Python36\Scripts;D:\Apache\apache-maven-3.5.3\bin;;C:\WINDOWS\System32\OpenSSH\;D:\Python\Python36\Scripts\;D:\Python\Python36\;C:\Users\49872\AppData\Local\Microsoft\WindowsApps;;C:\Program Files\Microsoft VS Code\bin;.]
2018-04-08 21:11:04,568 - Initializing Spring embedded WebApplicationContext
2018-04-08 21:11:04,568 - Root WebApplicationContext: initialization completed in 2311 ms
2018-04-08 21:11:04,717 - Servlet dispatcherServlet mapped to [/]
2018-04-08 21:11:04,723 - Mapping filter: 'characterEncodingFilter' to: [/*]
2018-04-08 21:11:04,723 - Mapping filter: 'hiddenHttpMethodFilter' to: [/*]
2018-04-08 21:11:04,723 - Mapping filter: 'httpPutFormContentFilter' to: [/*]
2018-04-08 21:11:04,723 - Mapping filter: 'requestContextFilter' to: [/*]
2018-04-08 21:11:04,958 - HikariPool-1 - Starting...
2018-04-08 21:11:05,244 - HikariPool-1 - Start completed.
2018-04-08 21:11:05,304 - Building JPA container EntityManagerFactory for persistence unit 'default'
2018-04-08 21:11:05,322 - HHH000204: Processing PersistenceUnitInfo [
	name: default
	...]
2018-04-08 21:11:05,422 - HHH000412: Hibernate Core {5.2.16.Final}
2018-04-08 21:11:05,423 - HHH000206: hibernate.properties not found
2018-04-08 21:11:05,487 - HCANN000001: Hibernate Commons Annotations {5.0.1.Final}
2018-04-08 21:11:05,636 - HHH000400: Using dialect: org.hibernate.dialect.MySQL5Dialect
2018-04-08 21:11:06,168 - Initialized JPA EntityManagerFactory for persistence unit 'default'
2018-04-08 21:11:06,700 - Mapped URL path [/**/favicon.ico] onto handler of type [class org.springframework.web.servlet.resource.ResourceHttpRequestHandler]
2018-04-08 21:11:07,018 - Looking for @ControllerAdvice: org.springframework.boot.web.servlet.context.AnnotationConfigServletWebServerApplicationContext@6729e313: startup date [Sun Apr 08 21:11:02 CST 2018]; root of context hierarchy
2018-04-08 21:11:07,052 - spring.jpa.open-in-view is enabled by default. Therefore, database queries may be performed during view rendering. Explicitly configure spring.jpa.open-in-view to disable this warning
2018-04-08 21:11:07,133 - Mapped "{[/buyer/product/list],methods=[GET]}" onto public com.ye.sell.vo.ResultlVo com.ye.sell.controller.BuyerProductController.list()
2018-04-08 21:11:07,136 - Mapped "{[/error]}" onto public org.springframework.http.ResponseEntity<java.util.Map<java.lang.String, java.lang.Object>> org.springframework.boot.autoconfigure.web.servlet.error.BasicErrorController.error(javax.servlet.http.HttpServletRequest)
2018-04-08 21:11:07,137 - Mapped "{[/error],produces=[text/html]}" onto public org.springframework.web.servlet.ModelAndView org.springframework.boot.autoconfigure.web.servlet.error.BasicErrorController.errorHtml(javax.servlet.http.HttpServletRequest,javax.servlet.http.HttpServletResponse)
2018-04-08 21:11:07,171 - Mapped URL path [/webjars/**] onto handler of type [class org.springframework.web.servlet.resource.ResourceHttpRequestHandler]
2018-04-08 21:11:07,171 - Mapped URL path [/**] onto handler of type [class org.springframework.web.servlet.resource.ResourceHttpRequestHandler]
2018-04-08 21:11:07,503 - LiveReload server is running on port 35729
2018-04-08 21:11:07,532 - Registering beans for JMX exposure on startup
2018-04-08 21:11:07,534 - Bean with name 'dataSource' has been autodetected for JMX exposure
2018-04-08 21:11:07,540 - Located MBean 'dataSource': registering with JMX server as MBean [com.zaxxer.hikari:name=dataSource,type=HikariDataSource]
2018-04-08 21:11:07,551 - Starting ProtocolHandler ["http-nio-8080"]
2018-04-08 21:11:07,562 - Using a shared selector for servlet write/read
2018-04-08 21:11:07,576 - Tomcat started on port(s): 8080 (http) with context path '/sell'
2018-04-08 21:11:07,580 - Started SellApplication in 6.174 seconds (JVM running for 8.383)
2018-04-08 21:11:16,421 - Initializing Spring FrameworkServlet 'dispatcherServlet'
2018-04-08 21:11:16,422 - FrameworkServlet 'dispatcherServlet': initialization started
2018-04-08 21:11:16,444 - FrameworkServlet 'dispatcherServlet': initialization completed in 22 ms
2018-04-08 21:48:42,896 - Starting SellApplication on DESKTOP-UG3KD0Q with PID 13508 (D:\Code\Java\Spring\sell\target\classes started by 49872 in D:\Code\Java\Spring\sell)
2018-04-08 21:48:42,896 - No active profile set, falling back to default profiles: default
2018-04-08 21:48:42,989 - Refreshing org.springframework.boot.web.servlet.context.AnnotationConfigServletWebServerApplicationContext@4368973e: startup date [Sun Apr 08 21:48:42 CST 2018]; root of context hierarchy
2018-04-08 21:48:44,256 - Bean 'org.springframework.transaction.annotation.ProxyTransactionManagementConfiguration' of type [org.springframework.transaction.annotation.ProxyTransactionManagementConfiguration$$EnhancerBySpringCGLIB$$ae70d256] is not eligible for getting processed by all BeanPostProcessors (for example: not eligible for auto-proxying)
2018-04-08 21:48:44,611 - Tomcat initialized with port(s): 8080 (http)
2018-04-08 21:48:44,627 - Initializing ProtocolHandler ["http-nio-8080"]
2018-04-08 21:48:44,637 - Starting service [Tomcat]
2018-04-08 21:48:44,637 - Starting Servlet Engine: Apache Tomcat/8.5.29
2018-04-08 21:48:44,641 - The APR based Apache Tomcat Native library which allows optimal performance in production environments was not found on the java.library.path: [D:\Java\jdk1.8.0_161\bin;C:\WINDOWS\Sun\Java\bin;C:\WINDOWS\system32;C:\WINDOWS;D:\Python\Python36\Scripts\;D:\Python\Python36\;C:\ProgramData\Oracle\Java\javapath;C:\Windows\system32;C:\Windows;C:\Windows\System32\Wbem;C:\Windows\System32\WindowsPowerShell\v1.0\;D:\Java\jdk-9.0.4\bin;C:\Program Files (x86)\NVIDIA Corporation\PhysX\Common;D:\MySQL\mysql-5.7.21-winx64\bin;C:\WINDOWS\system32;C:\WINDOWS;C:\WINDOWS\System32\Wbem;C:\WINDOWS\System32\WindowsPowerShell\v1.0\;D:\PuTTY\;D:\Git\cmd;D:\Git\bin;D:\Python\Python36\Scripts;D:\Apache\apache-maven-3.5.3\bin;;C:\WINDOWS\System32\OpenSSH\;D:\Python\Python36\Scripts\;D:\Python\Python36\;C:\Users\49872\AppData\Local\Microsoft\WindowsApps;;C:\Program Files\Microsoft VS Code\bin;.]
2018-04-08 21:48:44,739 - Initializing Spring embedded WebApplicationContext
2018-04-08 21:48:44,739 - Root WebApplicationContext: initialization completed in 1750 ms
2018-04-08 21:48:44,894 - Servlet dispatcherServlet mapped to [/]
2018-04-08 21:48:44,899 - Mapping filter: 'characterEncodingFilter' to: [/*]
2018-04-08 21:48:44,899 - Mapping filter: 'hiddenHttpMethodFilter' to: [/*]
2018-04-08 21:48:44,899 - Mapping filter: 'httpPutFormContentFilter' to: [/*]
2018-04-08 21:48:44,899 - Mapping filter: 'requestContextFilter' to: [/*]
2018-04-08 21:48:45,053 - HikariPool-1 - Starting...
2018-04-08 21:48:45,292 - HikariPool-1 - Start completed.
2018-04-08 21:48:45,340 - Building JPA container EntityManagerFactory for persistence unit 'default'
2018-04-08 21:48:45,352 - HHH000204: Processing PersistenceUnitInfo [
	name: default
	...]
2018-04-08 21:48:45,429 - HHH000412: Hibernate Core {5.2.16.Final}
2018-04-08 21:48:45,430 - HHH000206: hibernate.properties not found
2018-04-08 21:48:45,480 - HCANN000001: Hibernate Commons Annotations {5.0.1.Final}
2018-04-08 21:48:45,608 - HHH000400: Using dialect: org.hibernate.dialect.MySQL5Dialect
2018-04-08 21:48:46,059 - Initialized JPA EntityManagerFactory for persistence unit 'default'
2018-04-08 21:48:46,486 - Mapped URL path [/**/favicon.ico] onto handler of type [class org.springframework.web.servlet.resource.ResourceHttpRequestHandler]
2018-04-08 21:48:46,771 - Looking for @ControllerAdvice: org.springframework.boot.web.servlet.context.AnnotationConfigServletWebServerApplicationContext@4368973e: startup date [Sun Apr 08 21:48:42 CST 2018]; root of context hierarchy
2018-04-08 21:48:46,800 - spring.jpa.open-in-view is enabled by default. Therefore, database queries may be performed during view rendering. Explicitly configure spring.jpa.open-in-view to disable this warning
2018-04-08 21:48:46,836 - Mapped "{[/buyer/product/list],methods=[GET]}" onto public com.ye.sell.vo.ResultlVo com.ye.sell.controller.BuyerProductController.list()
2018-04-08 21:48:46,840 - Mapped "{[/error]}" onto public org.springframework.http.ResponseEntity<java.util.Map<java.lang.String, java.lang.Object>> org.springframework.boot.autoconfigure.web.servlet.error.BasicErrorController.error(javax.servlet.http.HttpServletRequest)
2018-04-08 21:48:46,841 - Mapped "{[/error],produces=[text/html]}" onto public org.springframework.web.servlet.ModelAndView org.springframework.boot.autoconfigure.web.servlet.error.BasicErrorController.errorHtml(javax.servlet.http.HttpServletRequest,javax.servlet.http.HttpServletResponse)
2018-04-08 21:48:46,872 - Mapped URL path [/webjars/**] onto handler of type [class org.springframework.web.servlet.resource.ResourceHttpRequestHandler]
2018-04-08 21:48:46,872 - Mapped URL path [/**] onto handler of type [class org.springframework.web.servlet.resource.ResourceHttpRequestHandler]
2018-04-08 21:48:47,163 - LiveReload server is running on port 35729
2018-04-08 21:48:47,193 - Registering beans for JMX exposure on startup
2018-04-08 21:48:47,194 - Bean with name 'dataSource' has been autodetected for JMX exposure
2018-04-08 21:48:47,200 - Located MBean 'dataSource': registering with JMX server as MBean [com.zaxxer.hikari:name=dataSource,type=HikariDataSource]
2018-04-08 21:48:47,214 - Starting ProtocolHandler ["http-nio-8080"]
2018-04-08 21:48:47,224 - Using a shared selector for servlet write/read
2018-04-08 21:48:47,237 - Tomcat started on port(s): 8080 (http) with context path '/sell'
2018-04-08 21:48:47,240 - Started SellApplication in 4.924 seconds (JVM running for 6.167)
2018-04-08 21:49:15,037 - Initializing Spring FrameworkServlet 'dispatcherServlet'
2018-04-08 21:49:15,037 - FrameworkServlet 'dispatcherServlet': initialization started
2018-04-08 21:49:15,060 - FrameworkServlet 'dispatcherServlet': initialization completed in 23 ms
2018-04-08 21:49:15,111 - HHH000397: Using ASTQueryTranslatorFactory
2018-04-08 21:53:12,791 - Starting SellApplication on DESKTOP-UG3KD0Q with PID 15396 (D:\Code\Java\Spring\sell\target\classes started by 49872 in D:\Code\Java\Spring\sell)
2018-04-08 21:53:12,792 - No active profile set, falling back to default profiles: default
2018-04-08 21:53:12,882 - Refreshing org.springframework.boot.web.servlet.context.AnnotationConfigServletWebServerApplicationContext@31aed083: startup date [Sun Apr 08 21:53:12 CST 2018]; root of context hierarchy
2018-04-08 21:53:14,149 - Bean 'org.springframework.transaction.annotation.ProxyTransactionManagementConfiguration' of type [org.springframework.transaction.annotation.ProxyTransactionManagementConfiguration$$EnhancerBySpringCGLIB$$36dc3878] is not eligible for getting processed by all BeanPostProcessors (for example: not eligible for auto-proxying)
2018-04-08 21:53:14,509 - Tomcat initialized with port(s): 8080 (http)
2018-04-08 21:53:14,526 - Initializing ProtocolHandler ["http-nio-8080"]
2018-04-08 21:53:14,536 - Starting service [Tomcat]
2018-04-08 21:53:14,536 - Starting Servlet Engine: Apache Tomcat/8.5.29
2018-04-08 21:53:14,540 - The APR based Apache Tomcat Native library which allows optimal performance in production environments was not found on the java.library.path: [D:\Java\jdk1.8.0_161\bin;C:\WINDOWS\Sun\Java\bin;C:\WINDOWS\system32;C:\WINDOWS;D:\Python\Python36\Scripts\;D:\Python\Python36\;C:\ProgramData\Oracle\Java\javapath;C:\Windows\system32;C:\Windows;C:\Windows\System32\Wbem;C:\Windows\System32\WindowsPowerShell\v1.0\;D:\Java\jdk-9.0.4\bin;C:\Program Files (x86)\NVIDIA Corporation\PhysX\Common;D:\MySQL\mysql-5.7.21-winx64\bin;C:\WINDOWS\system32;C:\WINDOWS;C:\WINDOWS\System32\Wbem;C:\WINDOWS\System32\WindowsPowerShell\v1.0\;D:\PuTTY\;D:\Git\cmd;D:\Git\bin;D:\Python\Python36\Scripts;D:\Apache\apache-maven-3.5.3\bin;;C:\WINDOWS\System32\OpenSSH\;D:\Python\Python36\Scripts\;D:\Python\Python36\;C:\Users\49872\AppData\Local\Microsoft\WindowsApps;;C:\Program Files\Microsoft VS Code\bin;.]
2018-04-08 21:53:14,634 - Initializing Spring embedded WebApplicationContext
2018-04-08 21:53:14,635 - Root WebApplicationContext: initialization completed in 1753 ms
2018-04-08 21:53:14,788 - Servlet dispatcherServlet mapped to [/]
2018-04-08 21:53:14,791 - Mapping filter: 'characterEncodingFilter' to: [/*]
2018-04-08 21:53:14,792 - Mapping filter: 'hiddenHttpMethodFilter' to: [/*]
2018-04-08 21:53:14,792 - Mapping filter: 'httpPutFormContentFilter' to: [/*]
2018-04-08 21:53:14,792 - Mapping filter: 'requestContextFilter' to: [/*]
2018-04-08 21:53:14,950 - HikariPool-1 - Starting...
2018-04-08 21:53:15,196 - HikariPool-1 - Start completed.
2018-04-08 21:53:15,246 - Building JPA container EntityManagerFactory for persistence unit 'default'
2018-04-08 21:53:15,257 - HHH000204: Processing PersistenceUnitInfo [
	name: default
	...]
2018-04-08 21:53:15,338 - HHH000412: Hibernate Core {5.2.16.Final}
2018-04-08 21:53:15,341 - HHH000206: hibernate.properties not found
2018-04-08 21:53:15,388 - HCANN000001: Hibernate Commons Annotations {5.0.1.Final}
2018-04-08 21:53:15,512 - HHH000400: Using dialect: org.hibernate.dialect.MySQL5Dialect
2018-04-08 21:53:15,960 - Initialized JPA EntityManagerFactory for persistence unit 'default'
2018-04-08 21:53:16,380 - Mapped URL path [/**/favicon.ico] onto handler of type [class org.springframework.web.servlet.resource.ResourceHttpRequestHandler]
2018-04-08 21:53:16,664 - Looking for @ControllerAdvice: org.springframework.boot.web.servlet.context.AnnotationConfigServletWebServerApplicationContext@31aed083: startup date [Sun Apr 08 21:53:12 CST 2018]; root of context hierarchy
2018-04-08 21:53:16,694 - spring.jpa.open-in-view is enabled by default. Therefore, database queries may be performed during view rendering. Explicitly configure spring.jpa.open-in-view to disable this warning
2018-04-08 21:53:16,731 - Mapped "{[/buyer/product/list],methods=[GET]}" onto public com.ye.sell.vo.ResultlVo com.ye.sell.controller.BuyerProductController.list()
2018-04-08 21:53:16,734 - Mapped "{[/error]}" onto public org.springframework.http.ResponseEntity<java.util.Map<java.lang.String, java.lang.Object>> org.springframework.boot.autoconfigure.web.servlet.error.BasicErrorController.error(javax.servlet.http.HttpServletRequest)
2018-04-08 21:53:16,735 - Mapped "{[/error],produces=[text/html]}" onto public org.springframework.web.servlet.ModelAndView org.springframework.boot.autoconfigure.web.servlet.error.BasicErrorController.errorHtml(javax.servlet.http.HttpServletRequest,javax.servlet.http.HttpServletResponse)
2018-04-08 21:53:16,768 - Mapped URL path [/webjars/**] onto handler of type [class org.springframework.web.servlet.resource.ResourceHttpRequestHandler]
2018-04-08 21:53:16,769 - Mapped URL path [/**] onto handler of type [class org.springframework.web.servlet.resource.ResourceHttpRequestHandler]
2018-04-08 21:53:17,077 - LiveReload server is running on port 35729
2018-04-08 21:53:17,109 - Registering beans for JMX exposure on startup
2018-04-08 21:53:17,111 - Bean with name 'dataSource' has been autodetected for JMX exposure
2018-04-08 21:53:17,117 - Located MBean 'dataSource': registering with JMX server as MBean [com.zaxxer.hikari:name=dataSource,type=HikariDataSource]
2018-04-08 21:53:17,129 - Starting ProtocolHandler ["http-nio-8080"]
2018-04-08 21:53:17,140 - Using a shared selector for servlet write/read
2018-04-08 21:53:17,153 - Tomcat started on port(s): 8080 (http) with context path '/sell'
2018-04-08 21:53:17,156 - Started SellApplication in 4.959 seconds (JVM running for 6.096)
2018-04-08 21:53:24,636 - Initializing Spring FrameworkServlet 'dispatcherServlet'
2018-04-08 21:53:24,636 - FrameworkServlet 'dispatcherServlet': initialization started
2018-04-08 21:53:24,662 - FrameworkServlet 'dispatcherServlet': initialization completed in 26 ms
2018-04-08 21:53:24,718 - HHH000397: Using ASTQueryTranslatorFactory
2018-04-08 22:25:00,741 - Starting SellApplication on DESKTOP-UG3KD0Q with PID 10684 (D:\Code\Java\Spring\sell\target\classes started by 49872 in D:\Code\Java\Spring\sell)
2018-04-08 22:25:00,742 - No active profile set, falling back to default profiles: default
2018-04-08 22:25:00,840 - Refreshing org.springframework.boot.web.servlet.context.AnnotationConfigServletWebServerApplicationContext@761c4030: startup date [Sun Apr 08 22:25:00 CST 2018]; root of context hierarchy
2018-04-08 22:25:01,831 - Bean 'org.springframework.transaction.annotation.ProxyTransactionManagementConfiguration' of type [org.springframework.transaction.annotation.ProxyTransactionManagementConfiguration$$EnhancerBySpringCGLIB$$b4cff005] is not eligible for getting processed by all BeanPostProcessors (for example: not eligible for auto-proxying)
2018-04-08 22:25:02,175 - Tomcat initialized with port(s): 8080 (http)
2018-04-08 22:25:02,190 - Initializing ProtocolHandler ["http-nio-8080"]
2018-04-08 22:25:02,199 - Starting service [Tomcat]
2018-04-08 22:25:02,199 - Starting Servlet Engine: Apache Tomcat/8.5.29
2018-04-08 22:25:02,203 - The APR based Apache Tomcat Native library which allows optimal performance in production environments was not found on the java.library.path: [D:\Java\jdk1.8.0_161\bin;C:\WINDOWS\Sun\Java\bin;C:\WINDOWS\system32;C:\WINDOWS;D:\Python\Python36\Scripts\;D:\Python\Python36\;C:\ProgramData\Oracle\Java\javapath;C:\Windows\system32;C:\Windows;C:\Windows\System32\Wbem;C:\Windows\System32\WindowsPowerShell\v1.0\;D:\Java\jdk-9.0.4\bin;C:\Program Files (x86)\NVIDIA Corporation\PhysX\Common;D:\MySQL\mysql-5.7.21-winx64\bin;C:\WINDOWS\system32;C:\WINDOWS;C:\WINDOWS\System32\Wbem;C:\WINDOWS\System32\WindowsPowerShell\v1.0\;D:\PuTTY\;D:\Git\cmd;D:\Git\bin;D:\Python\Python36\Scripts;D:\Apache\apache-maven-3.5.3\bin;;C:\WINDOWS\System32\OpenSSH\;D:\Python\Python36\Scripts\;D:\Python\Python36\;C:\Users\49872\AppData\Local\Microsoft\WindowsApps;;C:\Program Files\Microsoft VS Code\bin;.]
2018-04-08 22:25:02,297 - Initializing Spring embedded WebApplicationContext
2018-04-08 22:25:02,297 - Root WebApplicationContext: initialization completed in 1457 ms
2018-04-08 22:25:02,430 - Servlet dispatcherServlet mapped to [/]
2018-04-08 22:25:02,433 - Mapping filter: 'characterEncodingFilter' to: [/*]
2018-04-08 22:25:02,434 - Mapping filter: 'hiddenHttpMethodFilter' to: [/*]
2018-04-08 22:25:02,434 - Mapping filter: 'httpPutFormContentFilter' to: [/*]
2018-04-08 22:25:02,434 - Mapping filter: 'requestContextFilter' to: [/*]
2018-04-08 22:25:02,577 - HikariPool-1 - Starting...
2018-04-08 22:25:02,808 - HikariPool-1 - Start completed.
2018-04-08 22:25:02,851 - Building JPA container EntityManagerFactory for persistence unit 'default'
2018-04-08 22:25:02,865 - HHH000204: Processing PersistenceUnitInfo [
	name: default
	...]
2018-04-08 22:25:02,931 - HHH000412: Hibernate Core {5.2.16.Final}
2018-04-08 22:25:02,934 - HHH000206: hibernate.properties not found
2018-04-08 22:25:02,982 - HCANN000001: Hibernate Commons Annotations {5.0.1.Final}
2018-04-08 22:25:03,102 - HHH000400: Using dialect: org.hibernate.dialect.MySQL5Dialect
2018-04-08 22:25:03,616 - Initialized JPA EntityManagerFactory for persistence unit 'default'
2018-04-08 22:25:03,973 - Mapped URL path [/**/favicon.ico] onto handler of type [class org.springframework.web.servlet.resource.ResourceHttpRequestHandler]
2018-04-08 22:25:04,219 - Looking for @ControllerAdvice: org.springframework.boot.web.servlet.context.AnnotationConfigServletWebServerApplicationContext@761c4030: startup date [Sun Apr 08 22:25:00 CST 2018]; root of context hierarchy
2018-04-08 22:25:04,243 - spring.jpa.open-in-view is enabled by default. Therefore, database queries may be performed during view rendering. Explicitly configure spring.jpa.open-in-view to disable this warning
2018-04-08 22:25:04,271 - Mapped "{[/buyer/product/list],methods=[GET]}" onto public com.ye.sell.vo.ResultVo com.ye.sell.controller.BuyerProductController.list()
2018-04-08 22:25:04,275 - Mapped "{[/error]}" onto public org.springframework.http.ResponseEntity<java.util.Map<java.lang.String, java.lang.Object>> org.springframework.boot.autoconfigure.web.servlet.error.BasicErrorController.error(javax.servlet.http.HttpServletRequest)
2018-04-08 22:25:04,275 - Mapped "{[/error],produces=[text/html]}" onto public org.springframework.web.servlet.ModelAndView org.springframework.boot.autoconfigure.web.servlet.error.BasicErrorController.errorHtml(javax.servlet.http.HttpServletRequest,javax.servlet.http.HttpServletResponse)
2018-04-08 22:25:04,298 - Mapped URL path [/webjars/**] onto handler of type [class org.springframework.web.servlet.resource.ResourceHttpRequestHandler]
2018-04-08 22:25:04,298 - Mapped URL path [/**] onto handler of type [class org.springframework.web.servlet.resource.ResourceHttpRequestHandler]
2018-04-08 22:25:04,506 - LiveReload server is running on port 35729
2018-04-08 22:25:04,534 - Registering beans for JMX exposure on startup
2018-04-08 22:25:04,535 - Bean with name 'dataSource' has been autodetected for JMX exposure
2018-04-08 22:25:04,539 - Located MBean 'dataSource': registering with JMX server as MBean [com.zaxxer.hikari:name=dataSource,type=HikariDataSource]
2018-04-08 22:25:04,550 - Starting ProtocolHandler ["http-nio-8080"]
2018-04-08 22:25:04,559 - Using a shared selector for servlet write/read
2018-04-08 22:25:04,571 - Tomcat started on port(s): 8080 (http) with context path '/sell'
2018-04-08 22:25:04,574 - Started SellApplication in 4.292 seconds (JVM running for 5.313)
2018-04-08 22:25:09,010 - Initializing Spring FrameworkServlet 'dispatcherServlet'
2018-04-08 22:25:09,010 - FrameworkServlet 'dispatcherServlet': initialization started
2018-04-08 22:25:09,029 - FrameworkServlet 'dispatcherServlet': initialization completed in 19 ms
2018-04-08 22:25:09,066 - HHH000397: Using ASTQueryTranslatorFactory
2018-04-08 22:35:18,227 - A cookie header was received [[object Object]; openid=123] that contained an invalid cookie. That cookie will be ignored.Note: further occurrences of this error will be logged at DEBUG level.
2018-04-08 22:46:39,199 - Starting SellApplication on DESKTOP-UG3KD0Q with PID 2896 (D:\Code\Java\Spring\sell\target\classes started by 49872 in D:\Code\Java\Spring\sell)
2018-04-08 22:46:39,201 - No active profile set, falling back to default profiles: default
2018-04-08 22:46:39,301 - Refreshing org.springframework.boot.web.servlet.context.AnnotationConfigServletWebServerApplicationContext@28097d76: startup date [Sun Apr 08 22:46:39 CST 2018]; root of context hierarchy
2018-04-08 22:46:40,600 - Bean 'org.springframework.transaction.annotation.ProxyTransactionManagementConfiguration' of type [org.springframework.transaction.annotation.ProxyTransactionManagementConfiguration$$EnhancerBySpringCGLIB$$4c3250f6] is not eligible for getting processed by all BeanPostProcessors (for example: not eligible for auto-proxying)
2018-04-08 22:46:40,955 - Tomcat initialized with port(s): 8080 (http)
2018-04-08 22:46:40,972 - Initializing ProtocolHandler ["http-nio-8080"]
2018-04-08 22:46:40,982 - Starting service [Tomcat]
2018-04-08 22:46:40,982 - Starting Servlet Engine: Apache Tomcat/8.5.29
2018-04-08 22:46:40,986 - The APR based Apache Tomcat Native library which allows optimal performance in production environments was not found on the java.library.path: [D:\Java\jdk1.8.0_161\bin;C:\WINDOWS\Sun\Java\bin;C:\WINDOWS\system32;C:\WINDOWS;D:\Python\Python36\Scripts\;D:\Python\Python36\;C:\ProgramData\Oracle\Java\javapath;C:\Windows\system32;C:\Windows;C:\Windows\System32\Wbem;C:\Windows\System32\WindowsPowerShell\v1.0\;D:\Java\jdk-9.0.4\bin;C:\Program Files (x86)\NVIDIA Corporation\PhysX\Common;D:\MySQL\mysql-5.7.21-winx64\bin;C:\WINDOWS\system32;C:\WINDOWS;C:\WINDOWS\System32\Wbem;C:\WINDOWS\System32\WindowsPowerShell\v1.0\;D:\PuTTY\;D:\Git\cmd;D:\Git\bin;D:\Python\Python36\Scripts;D:\Apache\apache-maven-3.5.3\bin;;C:\WINDOWS\System32\OpenSSH\;D:\Python\Python36\Scripts\;D:\Python\Python36\;C:\Users\49872\AppData\Local\Microsoft\WindowsApps;;C:\Program Files\Microsoft VS Code\bin;.]
2018-04-08 22:46:41,081 - Initializing Spring embedded WebApplicationContext
2018-04-08 22:46:41,081 - Root WebApplicationContext: initialization completed in 1780 ms
2018-04-08 22:46:41,236 - Servlet dispatcherServlet mapped to [/]
2018-04-08 22:46:41,240 - Mapping filter: 'characterEncodingFilter' to: [/*]
2018-04-08 22:46:41,241 - Mapping filter: 'hiddenHttpMethodFilter' to: [/*]
2018-04-08 22:46:41,241 - Mapping filter: 'httpPutFormContentFilter' to: [/*]
2018-04-08 22:46:41,241 - Mapping filter: 'requestContextFilter' to: [/*]
2018-04-08 22:46:41,399 - HikariPool-1 - Starting...
2018-04-08 22:46:41,636 - HikariPool-1 - Start completed.
2018-04-08 22:46:41,684 - Building JPA container EntityManagerFactory for persistence unit 'default'
2018-04-08 22:46:41,695 - HHH000204: Processing PersistenceUnitInfo [
	name: default
	...]
2018-04-08 22:46:41,768 - HHH000412: Hibernate Core {5.2.16.Final}
2018-04-08 22:46:41,770 - HHH000206: hibernate.properties not found
2018-04-08 22:46:41,819 - HCANN000001: Hibernate Commons Annotations {5.0.1.Final}
2018-04-08 22:46:41,946 - HHH000400: Using dialect: org.hibernate.dialect.MySQL5Dialect
2018-04-08 22:46:42,401 - Initialized JPA EntityManagerFactory for persistence unit 'default'
2018-04-08 22:46:42,835 - Mapped URL path [/**/favicon.ico] onto handler of type [class org.springframework.web.servlet.resource.ResourceHttpRequestHandler]
2018-04-08 22:46:43,129 - Looking for @ControllerAdvice: org.springframework.boot.web.servlet.context.AnnotationConfigServletWebServerApplicationContext@28097d76: startup date [Sun Apr 08 22:46:39 CST 2018]; root of context hierarchy
2018-04-08 22:46:43,158 - spring.jpa.open-in-view is enabled by default. Therefore, database queries may be performed during view rendering. Explicitly configure spring.jpa.open-in-view to disable this warning
2018-04-08 22:46:43,193 - Mapped "{[/buyer/product/list],methods=[GET]}" onto public com.ye.sell.vo.ResultVo com.ye.sell.controller.BuyerProductController.list()
2018-04-08 22:46:43,197 - Mapped "{[/error]}" onto public org.springframework.http.ResponseEntity<java.util.Map<java.lang.String, java.lang.Object>> org.springframework.boot.autoconfigure.web.servlet.error.BasicErrorController.error(javax.servlet.http.HttpServletRequest)
2018-04-08 22:46:43,198 - Mapped "{[/error],produces=[text/html]}" onto public org.springframework.web.servlet.ModelAndView org.springframework.boot.autoconfigure.web.servlet.error.BasicErrorController.errorHtml(javax.servlet.http.HttpServletRequest,javax.servlet.http.HttpServletResponse)
2018-04-08 22:46:43,229 - Mapped URL path [/webjars/**] onto handler of type [class org.springframework.web.servlet.resource.ResourceHttpRequestHandler]
2018-04-08 22:46:43,229 - Mapped URL path [/**] onto handler of type [class org.springframework.web.servlet.resource.ResourceHttpRequestHandler]
2018-04-08 22:46:43,530 - LiveReload server is running on port 35729
2018-04-08 22:46:43,558 - Registering beans for JMX exposure on startup
2018-04-08 22:46:43,560 - Bean with name 'dataSource' has been autodetected for JMX exposure
2018-04-08 22:46:43,566 - Located MBean 'dataSource': registering with JMX server as MBean [com.zaxxer.hikari:name=dataSource,type=HikariDataSource]
2018-04-08 22:46:43,577 - Starting ProtocolHandler ["http-nio-8080"]
2018-04-08 22:46:43,589 - Using a shared selector for servlet write/read
2018-04-08 22:46:43,603 - Tomcat started on port(s): 8080 (http) with context path '/sell'
2018-04-08 22:46:43,606 - Started SellApplication in 5.016 seconds (JVM running for 6.172)
2018-04-08 22:46:47,075 - Initializing Spring FrameworkServlet 'dispatcherServlet'
2018-04-08 22:46:47,075 - FrameworkServlet 'dispatcherServlet': initialization started
2018-04-08 22:46:47,097 - FrameworkServlet 'dispatcherServlet': initialization completed in 22 ms
2018-04-08 22:46:47,150 - HHH000397: Using ASTQueryTranslatorFactory
2018-04-08 22:47:17,303 - Starting SellApplication on DESKTOP-UG3KD0Q with PID 14632 (D:\Code\Java\Spring\sell\target\classes started by 49872 in D:\Code\Java\Spring\sell)
2018-04-08 22:47:17,304 - No active profile set, falling back to default profiles: default
2018-04-08 22:47:17,396 - Refreshing org.springframework.boot.web.servlet.context.AnnotationConfigServletWebServerApplicationContext@2ca7d17b: startup date [Sun Apr 08 22:47:17 CST 2018]; root of context hierarchy
2018-04-08 22:47:18,705 - Bean 'org.springframework.transaction.annotation.ProxyTransactionManagementConfiguration' of type [org.springframework.transaction.annotation.ProxyTransactionManagementConfiguration$$EnhancerBySpringCGLIB$$bf52ad76] is not eligible for getting processed by all BeanPostProcessors (for example: not eligible for auto-proxying)
2018-04-08 22:47:19,063 - Tomcat initialized with port(s): 8080 (http)
2018-04-08 22:47:19,081 - Initializing ProtocolHandler ["http-nio-8080"]
2018-04-08 22:47:19,090 - Starting service [Tomcat]
2018-04-08 22:47:19,090 - Starting Servlet Engine: Apache Tomcat/8.5.29
2018-04-08 22:47:19,095 - The APR based Apache Tomcat Native library which allows optimal performance in production environments was not found on the java.library.path: [D:\Java\jdk1.8.0_161\bin;C:\WINDOWS\Sun\Java\bin;C:\WINDOWS\system32;C:\WINDOWS;D:\Python\Python36\Scripts\;D:\Python\Python36\;C:\ProgramData\Oracle\Java\javapath;C:\Windows\system32;C:\Windows;C:\Windows\System32\Wbem;C:\Windows\System32\WindowsPowerShell\v1.0\;D:\Java\jdk-9.0.4\bin;C:\Program Files (x86)\NVIDIA Corporation\PhysX\Common;D:\MySQL\mysql-5.7.21-winx64\bin;C:\WINDOWS\system32;C:\WINDOWS;C:\WINDOWS\System32\Wbem;C:\WINDOWS\System32\WindowsPowerShell\v1.0\;D:\PuTTY\;D:\Git\cmd;D:\Git\bin;D:\Python\Python36\Scripts;D:\Apache\apache-maven-3.5.3\bin;;C:\WINDOWS\System32\OpenSSH\;D:\Python\Python36\Scripts\;D:\Python\Python36\;C:\Users\49872\AppData\Local\Microsoft\WindowsApps;;C:\Program Files\Microsoft VS Code\bin;.]
2018-04-08 22:47:19,191 - Initializing Spring embedded WebApplicationContext
2018-04-08 22:47:19,192 - Root WebApplicationContext: initialization completed in 1796 ms
2018-04-08 22:47:19,351 - Servlet dispatcherServlet mapped to [/]
2018-04-08 22:47:19,356 - Mapping filter: 'characterEncodingFilter' to: [/*]
2018-04-08 22:47:19,357 - Mapping filter: 'hiddenHttpMethodFilter' to: [/*]
2018-04-08 22:47:19,357 - Mapping filter: 'httpPutFormContentFilter' to: [/*]
2018-04-08 22:47:19,357 - Mapping filter: 'requestContextFilter' to: [/*]
2018-04-08 22:47:19,518 - HikariPool-1 - Starting...
2018-04-08 22:47:19,768 - HikariPool-1 - Start completed.
2018-04-08 22:47:19,821 - Building JPA container EntityManagerFactory for persistence unit 'default'
2018-04-08 22:47:19,834 - HHH000204: Processing PersistenceUnitInfo [
	name: default
	...]
2018-04-08 22:47:19,920 - HHH000412: Hibernate Core {5.2.16.Final}
2018-04-08 22:47:19,923 - HHH000206: hibernate.properties not found
2018-04-08 22:47:19,971 - HCANN000001: Hibernate Commons Annotations {5.0.1.Final}
2018-04-08 22:47:20,115 - HHH000400: Using dialect: org.hibernate.dialect.MySQL5Dialect
2018-04-08 22:47:20,586 - Initialized JPA EntityManagerFactory for persistence unit 'default'
2018-04-08 22:47:21,035 - Mapped URL path [/**/favicon.ico] onto handler of type [class org.springframework.web.servlet.resource.ResourceHttpRequestHandler]
2018-04-08 22:47:21,334 - Looking for @ControllerAdvice: org.springframework.boot.web.servlet.context.AnnotationConfigServletWebServerApplicationContext@2ca7d17b: startup date [Sun Apr 08 22:47:17 CST 2018]; root of context hierarchy
2018-04-08 22:47:21,364 - spring.jpa.open-in-view is enabled by default. Therefore, database queries may be performed during view rendering. Explicitly configure spring.jpa.open-in-view to disable this warning
2018-04-08 22:47:21,402 - Mapped "{[/buyer/product/list],methods=[GET]}" onto public com.ye.sell.vo.ResultVo com.ye.sell.controller.BuyerProductController.list()
2018-04-08 22:47:21,406 - Mapped "{[/error]}" onto public org.springframework.http.ResponseEntity<java.util.Map<java.lang.String, java.lang.Object>> org.springframework.boot.autoconfigure.web.servlet.error.BasicErrorController.error(javax.servlet.http.HttpServletRequest)
2018-04-08 22:47:21,407 - Mapped "{[/error],produces=[text/html]}" onto public org.springframework.web.servlet.ModelAndView org.springframework.boot.autoconfigure.web.servlet.error.BasicErrorController.errorHtml(javax.servlet.http.HttpServletRequest,javax.servlet.http.HttpServletResponse)
2018-04-08 22:47:21,439 - Mapped URL path [/webjars/**] onto handler of type [class org.springframework.web.servlet.resource.ResourceHttpRequestHandler]
2018-04-08 22:47:21,439 - Mapped URL path [/**] onto handler of type [class org.springframework.web.servlet.resource.ResourceHttpRequestHandler]
2018-04-08 22:47:21,742 - LiveReload server is running on port 35729
2018-04-08 22:47:21,771 - Registering beans for JMX exposure on startup
2018-04-08 22:47:21,772 - Bean with name 'dataSource' has been autodetected for JMX exposure
2018-04-08 22:47:21,778 - Located MBean 'dataSource': registering with JMX server as MBean [com.zaxxer.hikari:name=dataSource,type=HikariDataSource]
2018-04-08 22:47:21,790 - Starting ProtocolHandler ["http-nio-8080"]
2018-04-08 22:47:21,800 - Using a shared selector for servlet write/read
2018-04-08 22:47:21,815 - Tomcat started on port(s): 8080 (http) with context path '/sell'
2018-04-08 22:47:21,818 - Started SellApplication in 5.095 seconds (JVM running for 6.24)
2018-04-08 22:47:44,042 - Initializing Spring FrameworkServlet 'dispatcherServlet'
2018-04-08 22:47:44,042 - FrameworkServlet 'dispatcherServlet': initialization started
2018-04-08 22:47:44,065 - FrameworkServlet 'dispatcherServlet': initialization completed in 23 ms
2018-04-08 22:47:44,112 - HHH000397: Using ASTQueryTranslatorFactory
